
         ==============================
         S N O P T  7.2-11   (Jan 2011)
         ==============================
1
 
 SNMEMB EXIT 100 -- finished successfully
 SNMEMB INFO 104 -- memory requirements estimated

         ==============================
         S N O P T  7.2-11   (Jan 2011)
         ==============================
1
 
 Parameters
 ==========

 Files
 -----
 Solution file..........         0       Old basis file ........         0       Standard input.........         5
 Insert file............         0       New basis file ........         0       (Printer)..............        18
 Punch file.............         0       Backup basis file......         0       (Specs file)...........         0
 Load file..............         0       Dump file..............         0       Standard output........         6

 Frequencies
 -----------
 Print frequency........       100       Check frequency........        60       Save new basis map.....       100
 Summary frequency......       100       Factorization frequency        50       Expand frequency.......     10000

 QP subproblems
 --------------
 QPsolver Cholesky......
 Scale tolerance........     0.900       Minor feasibility tol..  1.00E-06       Iteration limit........     10000
 Scale option...........         0       Minor optimality  tol..  1.00E-06       Minor print level......         1
 Crash tolerance........     0.100       Pivot tolerance........  3.25E-11       Partial price..........         1
 Crash option...........         3       Elastic weight.........  1.00E+04       Prtl price section ( A)         2
                                         New superbasics........        99       Prtl price section (-I)         2

 The SQP Method
 --------------
 Minimize...............                 Cold start.............                 Proximal Point method..         1
 Nonlinear objectiv vars         2       Major optimality tol...  2.00E-06       Function precision.....  3.00E-13
 Unbounded step size....  1.00E+20       Superbasics limit......         2       Difference interval....  5.48E-07
 Unbounded objective....  1.00E+15       Reduced Hessian dim....         2       Central difference int.  6.70E-05
 Major step limit.......  2.00E+00       Derivative linesearch..                 Derivative level.......         3
 Major iterations limit.      1000       Linesearch tolerance...   0.90000       Verify level...........         0
 Minor iterations limit.       500       Penalty parameter......  0.00E+00       Major Print Level......         1

 Hessian Approximation
 ---------------------
 Full-Memory Hessian....                 Hessian updates........  99999999       Hessian frequency......  99999999
                                                                                 Hessian flush..........  99999999

 Nonlinear constraints
 ---------------------
 Nonlinear constraints..         2       Major feasibility tol..  1.00E-06       Violation limit........  1.00E+06
 Nonlinear Jacobian vars         2

 Miscellaneous
 -------------
 LU factor tolerance....      3.99       LU singularity tol.....  3.25E-11       Timing level...........         3
 LU update tolerance....      3.99       LU swap tolerance......  1.22E-04       Debug level............         0
 LU partial  pivoting...                 eps (machine precision)  2.22E-16       System information.....        No
                                                                                 Sticky parameters......        No
1
 

 

 Matrix statistics
 -----------------
               Total      Normal        Free       Fixed     Bounded
 Rows              2           0           0           0           2
 Columns           2           0           0           0           2

 No. of matrix elements                    4     Density     100.000
 Biggest  constant element        0.0000E+00  (excluding fixed columns,
 Smallest constant element        0.0000E+00   free rows, and RHS)

 No. of objective coefficients             0

 Nonlinear constraints       2     Linear constraints       0
 Nonlinear variables         2     Linear variables         0
 Jacobian  variables         2     Objective variables      2
 Total constraints           2     Total variables          2
1
 

 
 The user has defined       4   out of       4   constraint gradients.
 The user has defined       2   out of       2   objective  gradients.

 Cheap test of user-supplied problem derivatives...

 The constraint gradients seem to be OK.

 -->  The largest discrepancy was    1.23E-10  in constraint     4
 

 The objective  gradients seem to be OK.

 Gradient projected in one direction  -6.38004400000E+01
 Difference approximation             -6.38003151178E+01
1
 
 

   Itns Major Minors    Step   nCon Feasible  Optimal  MeritFunction     L+U BSwap     nS  condHz Penalty
      2     0      2              1 (0.0E+00) 1.1E+02  2.4200000E+01       2            2 1.0E+00         _  r
      3     1      1 8.6E-02      3 (0.0E+00) 7.7E+00  4.2839127E+00       2            2 1.0E+00         _n r
      4     2      1 1.4E-02      5 (0.0E+00) 1.4E+00  4.1248154E+00       2            2 1.2E+00         _s
      5     3      1 1.0E+00      6 (0.0E+00) 7.7E-01  4.1196856E+00       2            2 1.3E+00         _
      6     4      1 1.0E+00      7 (0.0E+00) 1.1E+00  4.1130492E+00       2            2 1.6E+01         _
      7     5      1 1.0E+00      8 (0.0E+00) 1.9E+00  4.0863688E+00       2            2 9.2E+01         _
      8     6      1 1.0E+00      9 (0.0E+00) 4.1E+00  4.0153574E+00       2            2 6.9E+02         _
      9     7      1 1.0E+00     11 (0.0E+00) 5.1E+00  3.4669826E+00       2            2 6.9E+02         _n
     10     8      1 7.2E-01     13 (0.0E+00) 4.6E+00  2.6031937E+00       2            2 6.9E+02         _
     11     9      1 4.5E-01     15 (0.0E+00) 5.6E+00  2.5900223E+00       2            2 1.2E+02         _
     12    10      1 1.0E+00     16 (0.0E+00) 5.3E+00  2.5350552E+00       2            2 2.3E+01         _
     13    11      1 1.0E+00     17 (0.0E+00) 4.2E+00  2.0121742E+00       2            2 7.0E+00         _
     14    12      1 1.0E+00     18 (0.0E+00) 1.3E+00  1.6397584E+00       2            2 6.6E+00         _
     15    13      1 3.8E-01     20 (0.0E+00) 3.6E+00  1.4276490E+00       2            2 2.1E+00         _
     16    14      1 1.0E+00     21 (0.0E+00) 2.5E+00  1.2588934E+00       2            2 1.8E+00         _
     17    15      1 1.0E+00     22 (0.0E+00) 4.0E+00  1.0282199E+00       2            2 6.5E+00         _
     18    16      1 1.0E+00     23 (0.0E+00) 2.8E+00  7.5626520E-01       2            2 3.1E+00         _
     19    17      1 4.4E-01     25 (0.0E+00) 1.7E+00  4.9008906E-01       2            2 1.1E+00         _
     20    18      1 1.0E+00     26 (0.0E+00) 2.1E+00  4.5296531E-01       2            2 5.5E+00         _
     21    19      1 1.0E+00     27 (0.0E+00) 1.4E+00  2.7365961E-01       2            2 6.6E+00         _

   Itns Major Minors    Step   nCon Feasible  Optimal  MeritFunction     L+U BSwap     nS  condHz Penalty
     22    20      1 1.0E+00     28 (0.0E+00) 3.7E-01  1.9956293E-01       2            2 6.4E+01         _
     23    21      1 3.1E-01     30 (0.0E+00) 2.4E+00  1.6382783E-01       2            2 5.9E+01         _
     24    22      1 1.0E+00     31 (0.0E+00) 6.6E-01  1.2164696E-01       2            2 7.9E+01         _
     25    23      1 1.0E+00     32 (0.0E+00) 9.2E-01  7.1534349E-02       2            2 1.4E+02         _
     26    24      1 1.0E+00     33 (0.0E+00) 1.7E+00  4.4847709E-02       2            2 1.5E+02         _
     27    25      1 1.0E+00     34 (0.0E+00) 4.8E-01  1.9087813E-02       2            2 4.7E+02         _
     28    26      1 5.8E-01     36 (0.0E+00) 7.6E-01  9.2784930E-03       2            2 7.7E+02         _
     29    27      1 1.0E+00     37 (0.0E+00) 7.3E-01  5.5829205E-03       2            2 3.9E+02         _
     30    28      1 1.0E+00     38 (0.0E+00) 2.5E-01  1.4200762E-03       2            2 1.1E+03         _
     31    29      1 1.0E+00     39 (0.0E+00) 5.3E-01  7.1291680E-04       2            2 1.3E+03         _
     32    30      1 1.0E+00     40 (0.0E+00) 8.0E-03  1.3800790E-04       2            2 8.9E+02         _
     33    31      1 1.0E+00     41 (0.0E+00) 2.6E-02  3.6196778E-05       2            2 1.8E+03         _
     34    32      1 1.0E+00     42 (0.0E+00) 2.0E-02  1.0771997E-06       2            2 1.7E+03         _
     35    33      1 1.0E+00     43 (0.0E+00) 2.2E-03  1.5516184E-08       2            2 1.6E+03         _
     36    34      1 1.0E+00     44 (0.0E+00)(2.0E-06) 6.5974379E-13       2            2 1.6E+03         _
1
 
 SNOPTC EXIT   0 -- finished successfully
 SNOPTC INFO   1 -- optimality conditions satisfied

 Problem name                 SNOPT
 No. of iterations                  36   Objective value      6.5974378795E-13
 No. of major iterations            34   Linear objective     0.0000000000E+00
 Penalty parameter           0.000E+00   Nonlinear objective  6.5974378795E-13
 No. of calls to funobj             45   No. of calls to funcon             45
 No. of superbasics                  2   No. of basic nonlinears             0
 No. of degenerate steps             0   Percentage                       0.00
 Max x                       1 1.0E+00   Max pi                      1 0.0E+00
 Max Primal infeas           0 0.0E+00   Max Dual infeas             1 4.0E-06
 Nonlinear constraint violn    0.0E+00
1
 
 Name           SNOPT                    Objective Value      6.5974378795E-13

 Status         Optimal Soln             Iteration     36    Superbasics     2

 Objective               (Min)
 RHS
 Ranges
 Bounds

 Section 1 - Rows

  Number  ...Row.. State  ...Activity...  Slack Activity  ..Lower Limit.  ..Upper Limit.  .Dual Activity    ..i
 
       3  r      1    BS         2.00000     -1998.00000     -2000.00000      2000.00000          .           1
       4  r      2    BS         3.00000      -997.00000     -1000.00000      1000.00000          .           2
1
 
 Section 2 - Columns

  Number  .Column. State  ...Activity...  .Obj Gradient.  ..Lower Limit.  ..Upper Limit.  Reduced Gradnt    m+j
 
       1  x      1 N SBS         1.00000         0.00000     -1000.00000           None          0.00000      3
       2  x      2 N SBS         1.00000         0.00000           None       1000.00000         0.00000      4
 
 Time for MPS input                             0.00 seconds
 Time for solving problem                       0.01 seconds
 Time for solution output                       0.00 seconds
 Time for constraint functions                  0.01 seconds
 Time for objective function                    0.00 seconds
