
 ==============================
 S N O P T  7.2-11   (Jan 2011)
 ==============================
 
 SNMEMB EXIT 100 -- finished successfully
 SNMEMB INFO 104 -- memory requirements estimated

 ==============================
 S N O P T  7.2-11   (Jan 2011)
 ==============================
 
 

 Nonlinear constraints       2     Linear constraints       0
 Nonlinear variables         2     Linear variables         0
 Jacobian  variables         2     Objective variables      2
 Total constraints           2     Total variables          2
 

 
 The user has defined       4   out of       4   constraint gradients.
 The user has defined       2   out of       2   objective  gradients.
 

 Major Minors     Step   nCon Feasible  Optimal  MeritFunction    nS Penalty
     0      2               1 (0.0E+00) 1.1E+02  2.4200000E+01     2           r
     1      1  8.6E-02      3 (0.0E+00) 7.7E+00  4.2839127E+00     2         n r
     2      1  1.4E-02      5 (0.0E+00) 1.4E+00  4.1248154E+00     2         s
     3      1  1.0E+00      6 (0.0E+00) 7.7E-01  4.1196856E+00     2
     4      1  1.0E+00      7 (0.0E+00) 1.1E+00  4.1130492E+00     2
     5      1  1.0E+00      8 (0.0E+00) 1.9E+00  4.0863688E+00     2
     6      1  1.0E+00      9 (0.0E+00) 4.1E+00  4.0153574E+00     2
     7      1  1.0E+00     11 (0.0E+00) 5.1E+00  3.4669826E+00     2         n
     8      1  7.2E-01     13 (0.0E+00) 4.6E+00  2.6031937E+00     2
     9      1  4.5E-01     15 (0.0E+00) 5.6E+00  2.5900223E+00     2

 Major Minors     Step   nCon Feasible  Optimal  MeritFunction    nS Penalty
    10      1  1.0E+00     16 (0.0E+00) 5.3E+00  2.5350552E+00     2
    11      1  1.0E+00     17 (0.0E+00) 4.2E+00  2.0121742E+00     2
    12      1  1.0E+00     18 (0.0E+00) 1.3E+00  1.6397584E+00     2
    13      1  3.8E-01     20 (0.0E+00) 3.6E+00  1.4276490E+00     2
    14      1  1.0E+00     21 (0.0E+00) 2.5E+00  1.2588934E+00     2
    15      1  1.0E+00     22 (0.0E+00) 4.0E+00  1.0282199E+00     2
    16      1  1.0E+00     23 (0.0E+00) 2.8E+00  7.5626520E-01     2
    17      1  4.4E-01     25 (0.0E+00) 1.7E+00  4.9008906E-01     2
    18      1  1.0E+00     26 (0.0E+00) 2.1E+00  4.5296531E-01     2
    19      1  1.0E+00     27 (0.0E+00) 1.4E+00  2.7365961E-01     2

 Major Minors     Step   nCon Feasible  Optimal  MeritFunction    nS Penalty
    20      1  1.0E+00     28 (0.0E+00) 3.7E-01  1.9956293E-01     2
    21      1  3.1E-01     30 (0.0E+00) 2.4E+00  1.6382783E-01     2
    22      1  1.0E+00     31 (0.0E+00) 6.6E-01  1.2164696E-01     2
    23      1  1.0E+00     32 (0.0E+00) 9.2E-01  7.1534349E-02     2
    24      1  1.0E+00     33 (0.0E+00) 1.7E+00  4.4847709E-02     2
    25      1  1.0E+00     34 (0.0E+00) 4.8E-01  1.9087813E-02     2
    26      1  5.8E-01     36 (0.0E+00) 7.6E-01  9.2784930E-03     2
    27      1  1.0E+00     37 (0.0E+00) 7.3E-01  5.5829205E-03     2
    28      1  1.0E+00     38 (0.0E+00) 2.5E-01  1.4200762E-03     2
    29      1  1.0E+00     39 (0.0E+00) 5.3E-01  7.1291680E-04     2

 Major Minors     Step   nCon Feasible  Optimal  MeritFunction    nS Penalty
    30      1  1.0E+00     40 (0.0E+00) 8.0E-03  1.3800790E-04     2
    31      1  1.0E+00     41 (0.0E+00) 2.6E-02  3.6196778E-05     2
    32      1  1.0E+00     42 (0.0E+00) 2.0E-02  1.0771997E-06     2
    33      1  1.0E+00     43 (0.0E+00) 2.2E-03  1.5516184E-08     2
    34      1  1.0E+00     44 (0.0E+00)(2.0E-06) 6.5974379E-13     2
 
 SNOPTC EXIT   0 -- finished successfully
 SNOPTC INFO   1 -- optimality conditions satisfied

 Problem name                 SNOPT
 No. of iterations                  36   Objective value      6.5974378795E-13
 No. of major iterations            34   Linear objective     0.0000000000E+00
 Penalty parameter           0.000E+00   Nonlinear objective  6.5974378795E-13
 No. of calls to funobj             45   No. of calls to funcon             45
 No. of superbasics                  2   No. of basic nonlinears             0
 No. of degenerate steps             0   Percentage                       0.00
 Max x                       1 1.0E+00   Max pi                      1 0.0E+00
 Max Primal infeas           0 0.0E+00   Max Dual infeas             1 4.0E-06
 Nonlinear constraint violn    0.0E+00
 
 

 Solution printed on file  18
 
 Time for MPS input                             0.00 seconds
 Time for solving problem                       0.01 seconds
 Time for solution output                       0.00 seconds
 Time for constraint functions                  0.01 seconds
 Time for objective function                    0.00 seconds
